<?xml version="1.0" encoding="UTF-8"?>
<testng-results ignored="0" total="1" passed="1" failed="0" skipped="0">
  <reporter-output>
    <line>
      <![CDATA[user is searching for choclates]]>
    </line>
    <line>
      <![CDATA[order placed successfully]]>
    </line>
    <line>
      <![CDATA[logged out]]>
    </line>
  </reporter-output>
  <suite started-at="2021-05-04T22:25:26 IST" name="Automation Testing" finished-at="2021-05-04T22:27:03 IST" duration-ms="96808">
    <groups>
    </groups>
    <test started-at="2021-05-04T22:25:26 IST" name="FunctionalTesting" finished-at="2021-05-04T22:27:03 IST" duration-ms="96808">
      <class name="com.qa.flipkart.Flipkart_001">
        <test-method is-config="true" signature="setup()[pri:0, instance:com.qa.flipkart.Flipkart_001@b62d79]" started-at="2021-05-04T22:25:27 IST" name="setup" finished-at="2021-05-04T22:25:55 IST" duration-ms="28363" status="PASS">
          <reporter-output>
          </reporter-output>
        </test-method> <!-- setup -->
        <test-method signature="Login(java.lang.String, java.lang.String, java.lang.String)[pri:0, instance:com.qa.flipkart.Flipkart_001@b62d79]" started-at="2021-05-04T22:26:01 IST" name="Login" data-provider="getData1" finished-at="2021-05-04T22:26:56 IST" duration-ms="54258" status="PASS">
          <params>
            <param index="0">
              <value>
                <![CDATA[9440950257]]>
              </value>
            </param>
            <param index="1">
              <value>
                <![CDATA[Arvi@2303]]>
              </value>
            </param>
            <param index="2">
              <value>
                <![CDATA[Choclates]]>
              </value>
            </param>
          </params>
          <reporter-output>
            <line>
              <![CDATA[user is searching for choclates]]>
            </line>
            <line>
              <![CDATA[order placed successfully]]>
            </line>
            <line>
              <![CDATA[logged out]]>
            </line>
          </reporter-output>
        </test-method> <!-- Login -->
        <test-method is-config="true" signature="tearDown()[pri:0, instance:com.qa.flipkart.Flipkart_001@b62d79]" started-at="2021-05-04T22:26:56 IST" name="tearDown" finished-at="2021-05-04T22:27:03 IST" duration-ms="7440" status="PASS">
          <reporter-output>
          </reporter-output>
        </test-method> <!-- tearDown -->
      </class> <!-- com.qa.flipkart.Flipkart_001 -->
    </test> <!-- FunctionalTesting -->
  </suite> <!-- Automation Testing -->
</testng-results>
